<?xml version="1.0" encoding="UTF-8"?>
<testng-results ignored="0" total="2" passed="2" failed="0" skipped="0">
  <reporter-output>
    <line>
      <![CDATA[closed]]>
    </line>
  </reporter-output>
  <suite started-at="2019-08-22T10:12:47Z" name="Default suite" finished-at="2019-08-22T10:12:49Z" duration-ms="1437">
    <groups>
    </groups>
    <test started-at="2019-08-22T10:12:47Z" name="Default test" finished-at="2019-08-22T10:12:49Z" duration-ms="1437">
      <class name="com.atmecs.Testing">
        <test-method is-config="true" signature="testingconnection()[pri:0, instance:com.atmecs.Testing@2aece37d]" started-at="2019-08-22T10:12:47Z" name="testingconnection" finished-at="2019-08-22T10:12:48Z" duration-ms="1179" status="PASS">
          <reporter-output>
          </reporter-output>
        </test-method> <!-- testingconnection -->
        <test-method signature="delete()[pri:0, instance:com.atmecs.Testing@2aece37d]" started-at="2019-08-22T10:12:48Z" name="delete" finished-at="2019-08-22T10:12:48Z" duration-ms="179" status="PASS">
          <reporter-output>
          </reporter-output>
        </test-method> <!-- delete -->
        <test-method signature="insert()[pri:0, instance:com.atmecs.Testing@2aece37d]" started-at="2019-08-22T10:12:49Z" name="insert" finished-at="2019-08-22T10:12:49Z" duration-ms="19" status="PASS">
          <reporter-output>
          </reporter-output>
        </test-method> <!-- insert -->
        <test-method is-config="true" signature="close2()[pri:0, instance:com.atmecs.Testing@2aece37d]" started-at="2019-08-22T10:12:49Z" name="close2" finished-at="2019-08-22T10:12:49Z" duration-ms="2" status="PASS">
          <reporter-output>
            <line>
              <![CDATA[closed]]>
            </line>
          </reporter-output>
        </test-method> <!-- close2 -->
      </class> <!-- com.atmecs.Testing -->
    </test> <!-- Default test -->
  </suite> <!-- Default suite -->
</testng-results>
